C51 COMPILER V9.54   MAIN                                                                  11/20/2023 20:33:40 PAGE 1   


C51 COMPILER V9.54, COMPILATION OF MODULE MAIN
OBJECT MODULE PLACED IN .\Objects\main.obj
COMPILER INVOKED BY: C:\Keil_v5\C51\BIN\C51.EXE main.c OPTIMIZE(8,SPEED) BROWSE DEBUG OBJECTEXTEND PRINT(.\Listings\main
                    -.lst) OBJECT(.\Objects\main.obj)

line level    source

   1          #include<reg51.h>
   2          #include<intrins.h>
   3          sbit RS = P2^6;   
   4          sbit RW = P2^5;
   5          sbit EN = P2^7;                   
   6          sbit key1=P3^1;    //按键设置
   7          sbit key2=P3^0;    //操作键
   8          sbit key3=P3^2;
   9          sbit key4=P3^3;
  10          sbit RX=P2^1;
  11          sbit TX =P2^0;
  12          sbit Buzzer=P2^6;
  13          bit flag=0;
  14          unsigned int tempH=100,tempL=1;
  15          unsigned char unit,tenn,hun;
  16          unsigned char string1,string2,string3,string_1,string_2,string_3;
  17          unsigned int distancecm=0;
  18          unsigned char code str[]="0123456789";
  19          unsigned char code str1[]="distance:" ;
  20          #define RS_CLR RS=0 
  21          #define RS_SET RS=1
  22           
  23          #define RW_CLR RW=0 
  24          #define RW_SET RW=1 
  25           
  26          #define EN_CLR EN=0
  27          #define EN_SET EN=1
  28           
  29          #define DataPort P0
  30           
  31          void DelayUs2x(unsigned char t)
  32          {   
  33   1       while(--t);
  34   1      }
  35          void DelayMs(unsigned char t)
  36          {
  37   1           
  38   1       while(t--)
  39   1       {
  40   2           //延时1mS
  41   2           DelayUs2x(245);
  42   2               DelayUs2x(245);
  43   2       }
  44   1      }
  45           bit LCD_Check_Busy(void) 
  46           { 
  47   1       DataPort= 0xFF; 
  48   1       RS_CLR; 
  49   1       RW_SET; 
  50   1       EN_CLR; 
  51   1       _nop_(); 
  52   1       EN_SET;
  53   1       return (bit)(DataPort & 0x80);
  54   1       }
C51 COMPILER V9.54   MAIN                                                                  11/20/2023 20:33:40 PAGE 2   

  55          //写入命令
  56           void LCD_Write_Com(unsigned char com) 
  57           {  
  58   1       while(LCD_Check_Busy());
  59   1       RS_CLR; 
  60   1       RW_CLR; 
  61   1       EN_SET; 
  62   1       DataPort= com; 
  63   1       _nop_(); 
  64   1       EN_CLR;
  65   1       }
  66          //写入数据
  67           void LCD_Write_Data(unsigned char Data) 
  68           { 
  69   1       while(LCD_Check_Busy()); 
  70   1       RS_SET; 
  71   1       RW_CLR; 
  72   1       EN_SET; 
  73   1       DataPort= Data; 
  74   1       _nop_();
  75   1       EN_CLR;
  76   1       }
  77           
  78          //清屏
  79           void LCD_Clear(void) 
  80           { 
  81   1       LCD_Write_Com(0x01); 
  82   1       DelayMs(5);
  83   1       }
  84          //字符串函数
  85           void LCD_Write_String(unsigned char x,unsigned char y,unsigned char *s) 
  86           {     
  87   1       if (y == 0) 
  88   1              {     
  89   2               LCD_Write_Com(0x80 + x);     //第一行
  90   2              }
  91   1       else 
  92   1              {      
  93   2              LCD_Write_Com(0xC0 + x);      //第二行
  94   2              }        
  95   1       while (*s) 
  96   1              {     
  97   2       LCD_Write_Data( *s);     
  98   2       s ++;     
  99   2              }
 100   1       }
 101           
 102          //初始化
 103           void LCD_Init(void) 
 104           {
 105   1         LCD_Write_Com(0x38);   
 106   1         DelayMs(5); 
 107   1         LCD_Write_Com(0x38); 
 108   1         DelayMs(5); 
 109   1         LCD_Write_Com(0x38); 
 110   1         DelayMs(5); 
 111   1         LCD_Write_Com(0x38);  
 112   1         LCD_Write_Com(0x08);    //关闭显示 
 113   1         LCD_Write_Com(0x01);    //清屏
 114   1         LCD_Write_Com(0x06);    //显示光标移动设置
 115   1         DelayMs(5); 
 116   1         LCD_Write_Com(0x0C);    
C51 COMPILER V9.54   MAIN                                                                  11/20/2023 20:33:40 PAGE 3   

 117   1         }
 118           //      声波起始信号
 119           void ultrasonicstart()
 120           {
 121   1         RX=1; 
 122   1         DelayUs2x(20);
 123   1         RX=0;
 124   1       }
 125           
 126          //测距初始化
 127          void ultrasonic_count()
 128          {
 129   1        unsigned int time=0;
 130   1       
 131   1        time=TH0*256+TL0;
 132   1        TH0=0;
 133   1        TL0=0;
 134   1        distancecm=(time*1.7)/100;
 135   1        tenn=distancecm/100;
 136   1        unit=distancecm/10%10;
 137   1        hun=distancecm%10;
 138   1        if((distancecm>=700)||(flag==1))       //超出量程
 139   1        {
 140   2         flag=0;
 141   2         LCD_Write_String(9,0,"ERRCM");
 142   2        }
 143   1       else
 144   1       {
 145   2        LCD_Write_Com(0x80+9);
 146   2        LCD_Write_Data(str[tenn]);
 147   2        LCD_Write_Com(0x80+10);
 148   2        LCD_Write_Data(str[unit]);
 149   2        LCD_Write_Com(0x80+11);
 150   2        LCD_Write_Data(str[hun]);
 151   2        LCD_Write_Com(0x80+12);
 152   2        LCD_Write_Data('C');
 153   2        LCD_Write_Com(0x80+13);
 154   2        LCD_Write_Data('M');
 155   2         
 156   2       }
 157   1      }
 158           
 159           
 160          //报警值处理
 161          void FBI()
 162          {
 163   1      if((distancecm>tempH)||(distancecm<tempL))
 164   1        
 165   1       Buzzer=~Buzzer;
 166   1       else
 167   1        Buzzer=1;                              
 168   1      }
 169          //按键处理
 170          void keyscan()
 171          {
 172   1                                                                       
 173   1       if(!key1)
 174   1       {
 175   2        DelayMs(20);
 176   2        if(!key1)
 177   2        {
 178   3              while(!key1);
C51 COMPILER V9.54   MAIN                                                                  11/20/2023 20:33:40 PAGE 4   

 179   3              tempH++;
 180   3              if(tempH>=200)
 181   3              tempH=0;
 182   3        
 183   3        }
 184   2       
 185   2       }
 186   1       
 187   1       if(!key2)
 188   1       {
 189   2        DelayMs(20);
 190   2        if(!key2)
 191   2        {
 192   3              while(!key2);
 193   3              tempH--;
 194   3              if(tempH<=0)
 195   3               tempH=0;
 196   3       
 197   3        }
 198   2       
 199   2       }
 200   1       
 201   1       if(!key3)
 202   1       {
 203   2        DelayMs(20);
 204   2        if(!key3)
 205   2        {
 206   3              while(!key3);
 207   3              tempL++;
 208   3              if(tempL>=100)
 209   3              tempL=0;
 210   3        }
 211   2       
 212   2       }
 213   1      if(!key4)
 214   1       {
 215   2        DelayMs(20);
 216   2        if(!key4)
 217   2        {
 218   3              while(!key4);
 219   3              tempL--;
 220   3              if(tempL<=0)
 221   3              tempL=0;
 222   3        }
 223   2       
 224   2       }
 225   1       
 226   1      }
 227          //主函数
 228           void main()             
 229          {
 230   1       
 231   1      TMOD=0x01;
 232   1      TH0=0;
 233   1      TL0=0;
 234   1      ET0=1;
 235   1      EA=1;
 236   1      Buzzer=1;
 237   1      LCD_Init();       //初始化
 238   1      LCD_Clear();    //清屏
 239   1      LCD_Write_String(0,0,str1);
 240   1      LCD_Write_String(0,1,"TH:");
C51 COMPILER V9.54   MAIN                                                                  11/20/2023 20:33:40 PAGE 5   

 241   1      LCD_Write_String(9,1,"TL:");
 242   1      while(1)
 243   1      {
 244   2        keyscan();
 245   2        string1=tempH/100;
 246   2        string2=tempH/10%10;
 247   2        string3=tempH%10;
 248   2        string_1=tempL/100;
 249   2        string_2=tempL/10%10;
 250   2        string_3=tempL%10;
 251   2        LCD_Write_Com(0xC0+3);           //上界显示
 252   2        LCD_Write_Data('0'+string1);
 253   2        LCD_Write_Com(0xC0+4);
 254   2        LCD_Write_Data('0'+string2);
 255   2        LCD_Write_Com(0xC0+5);
 256   2        LCD_Write_Data('0'+string3);
 257   2       
 258   2        LCD_Write_Com(0xC0+12);        //下界显示
 259   2        LCD_Write_Data('0'+string_1);
 260   2        LCD_Write_Com(0xC0+13);        
 261   2        LCD_Write_Data('0'+string_2);
 262   2        LCD_Write_Com(0xC0+14);       
 263   2       LCD_Write_Data('0'+string_3);
 264   2       ultrasonicstart();
 265   2       while(!TX);
 266   2       TR0=1;
 267   2       while(TX);
 268   2       TR0=0;
 269   2       ultrasonic_count();
 270   2       FBI();
 271   2       DelayMs(100);
 272   2      } 
 273   1       }
 274           
 275          void timer0() interrupt 1//计时器中断
 276           
 277          {
 278   1       
 279   1       flag=1;  //判断：等于1继续循环，否，则跳出
 280   1       
 281   1      }


MODULE INFORMATION:   STATIC OVERLAYABLE
   CODE SIZE        =    790    ----
   CONSTANT SIZE    =     35    ----
   XDATA SIZE       =   ----    ----
   PDATA SIZE       =   ----    ----
   DATA SIZE        =     15    ----
   IDATA SIZE       =   ----    ----
   BIT SIZE         =      1    ----
END OF MODULE INFORMATION.


C51 COMPILATION COMPLETE.  0 WARNING(S),  0 ERROR(S)
